<?xml version="1.0" encoding="UTF-8"?>
<!-- Generated by org.testng.reporters.JUnitReportReporter -->
<testsuite hostname="sys" failures="0" tests="1" name="restassuredTests.Demo3_PUT_Request" time="3.058" errors="0" timestamp="25 Aug 2024 11:39:25 GMT" skipped="0">
  <testcase classname="restassuredTests.Demo3_PUT_Request" name="testput" time="3.058"/>
</testsuite> <!-- restassuredTests.Demo3_PUT_Request -->
