<?xml version="1.0" encoding="UTF-8"?>
<!-- Generated by org.testng.reporters.JUnitReportReporter -->
<testsuite hostname="sys" failures="0" tests="1" name="restassuredTests.Demo4_Delete_Request" time="4.750" errors="0" timestamp="25 Aug 2024 11:55:17 GMT" skipped="0">
  <testcase classname="restassuredTests.Demo4_Delete_Request" name="deleteEmployeeRecord" time="4.750"/>
</testsuite> <!-- restassuredTests.Demo4_Delete_Request -->
